   Compiling serde_core v1.0.228
   Compiling serde v1.0.228
   Compiling zerocopy-derive v0.8.40
   Compiling crossbeam-utils v0.8.21
   Compiling either v1.15.0
   Compiling regex-syntax v0.8.10
   Compiling plotters-backend v0.3.7
   Compiling ciborium-io v0.2.2
   Compiling clap_lex v1.0.0
   Compiling anstyle v1.0.13
   Compiling same-file v1.0.6
   Compiling itertools v0.10.5
   Compiling clap_builder v4.5.60
   Compiling plotters-svg v0.3.7
   Compiling cast v0.3.0
   Compiling walkdir v2.5.0
   Compiling plotters v0.3.7
   Compiling is-terminal v0.4.17
   Compiling crossbeam-epoch v0.9.18
   Compiling chopin-pg v0.5.18 (/Users/kowito/Projects/Kowito/chopin/crates/chopin-pg)
   Compiling oorandom v11.1.5
   Compiling crossbeam-deque v0.8.6
   Compiling anes v0.1.6
   Compiling rayon-core v1.13.0
   Compiling regex-automata v0.4.14
   Compiling zerocopy v0.8.40
   Compiling rayon v1.11.0
