warning: unused variable: `qs`
  --> src/extract.rs:36:13
   |
36 |         let qs = ctx.req.query.unwrap_or("");
   |             ^^ help: if this is intentional, prefix it with an underscore: `_qs`
   |
   = note: `#[warn(unused_variables)]` (part of `#[warn(unused)]`) on by default

warning: `chopin` (lib) generated 1 warning (run `cargo fix --lib -p chopin` to apply 1 suggestion)
    Finished `release` profile [optimized] target(s) in 0.17s
     Running `target/release/examples/bench_chopin`
Starting 10 workers on 0.0.0.0:8080
Worker 0 failed to pin to CPU 0
Worker 2 failed to pin to CPU 2
Worker 1 failed to pin to CPU 1
Worker 3 failed to pin to CPU 3
Worker 6 failed to pin to CPU 6
Worker 7 failed to pin to CPU 7
Worker 8 failed to pin to CPU 8
Worker 4 failed to pin to CPU 4
Worker 5 failed to pin to CPU 5
Worker 9 failed to pin to CPU 9
Worker 2 entering main event loop.
Worker 7 entering main event loop.
Worker 9 entering main event loop.
Worker 3 entering main event loop.
Worker 5 entering main event loop.
Worker 6 entering main event loop.
Worker 1 entering main event loop.
Worker 4 entering main event loop.
Worker 8 entering main event loop.
Worker 0 entering main event loop.
[Metrics] Active Connections: 0 | Total Requests: 0 | Bytes Sent: 0
[Metrics] Active Connections: 17 | Total Requests: 6016 | Bytes Sent: 1028736
[Metrics] Active Connections: 0 | Total Requests: 6016 | Bytes Sent: 1028736
[Metrics] Active Connections: 0 | Total Requests: 6016 | Bytes Sent: 1028736
[Metrics] Active Connections: 0 | Total Requests: 6016 | Bytes Sent: 1028736
[Metrics] Active Connections: 0 | Total Requests: 6016 | Bytes Sent: 1028736
[Metrics] Active Connections: 0 | Total Requests: 6016 | Bytes Sent: 1028736
[Metrics] Active Connections: 0 | Total Requests: 6016 | Bytes Sent: 1028736
[Metrics] Active Connections: 0 | Total Requests: 6016 | Bytes Sent: 1028736
[Metrics] Active Connections: 0 | Total Requests: 6016 | Bytes Sent: 1028736
[Metrics] Active Connections: 0 | Total Requests: 6016 | Bytes Sent: 1028736
[Metrics] Active Connections: 0 | Total Requests: 6016 | Bytes Sent: 1028736
[Metrics] Active Connections: 3 | Total Requests: 6016 | Bytes Sent: 1028736
[Metrics] Active Connections: 0 | Total Requests: 6016 | Bytes Sent: 1028736
[Metrics] Active Connections: 0 | Total Requests: 6016 | Bytes Sent: 1028736
[Metrics] Active Connections: 0 | Total Requests: 6016 | Bytes Sent: 1028736
[Metrics] Active Connections: 0 | Total Requests: 6016 | Bytes Sent: 1028736
[Metrics] Active Connections: 0 | Total Requests: 6016 | Bytes Sent: 1028736
[Metrics] Active Connections: 0 | Total Requests: 6016 | Bytes Sent: 1028736
[Metrics] Active Connections: 0 | Total Requests: 6016 | Bytes Sent: 1028736
